info it worked if it ends with ok
verbose cli [ 'node', '/usr/bin/npm', 'install' ]
info using npm@1.1.4
info using node@v0.6.12
verbose config file /home/motionlab/.npmrc
verbose config file /usr/etc/npmrc
verbose config file /usr/share/npm/npmrc
verbose caching /home/motionlab/Documents/robotics-capstone-web/package.json
verbose loadDefaults lumibot@0.0.0
verbose readDependencies: using package.json deps
verbose where, deps [ '/home/motionlab/Documents/robotics-capstone-web',
verbose where, deps   [ 'express',
verbose where, deps     'body-parser',
verbose where, deps     'cookie-parser',
verbose where, deps     'morgan',
verbose where, deps     'serve-favicon',
verbose where, deps     'debug',
verbose where, deps     'ejs' ] ]
verbose from cache /home/motionlab/Documents/robotics-capstone-web/package.json
info preinstall lumibot@0.0.0
verbose from cache /home/motionlab/Documents/robotics-capstone-web/package.json
verbose readDependencies: using package.json deps
verbose cache add [ 'express@~4.9.0', null ]
silly cache add: name, spec, args [ undefined, 'express@~4.9.0', [ 'express@~4.9.0', null ] ]
verbose parsed url { pathname: 'express@~4.9.0',
verbose parsed url   path: 'express@~4.9.0',
verbose parsed url   href: 'express@~4.9.0' }
silly cache add: name, spec, args [ 'express', '~4.9.0', [ 'express', '~4.9.0' ] ]
verbose parsed url { pathname: '~4.9.0', path: '~4.9.0', href: '~4.9.0' }
verbose addNamed [ 'express', '~4.9.0' ]
verbose addNamed [ null, '>=4.9.0- <4.10.0-' ]
silly name, range, hasData [ 'express', '>=4.9.0- <4.10.0-', false ]
verbose raw, before any munging express
verbose url resolving [ 'https://registry.npmjs.org/', './express' ]
verbose url resolved https://registry.npmjs.org/express
http GET https://registry.npmjs.org/express
verbose cache add [ 'body-parser@~1.8.1', null ]
silly cache add: name, spec, args [ undefined,
silly cache add: name, spec, args   'body-parser@~1.8.1',
silly cache add: name, spec, args   [ 'body-parser@~1.8.1', null ] ]
verbose parsed url { pathname: 'body-parser@~1.8.1',
verbose parsed url   path: 'body-parser@~1.8.1',
verbose parsed url   href: 'body-parser@~1.8.1' }
silly cache add: name, spec, args [ 'body-parser', '~1.8.1', [ 'body-parser', '~1.8.1' ] ]
verbose parsed url { pathname: '~1.8.1', path: '~1.8.1', href: '~1.8.1' }
verbose addNamed [ 'body-parser', '~1.8.1' ]
verbose addNamed [ null, '>=1.8.1- <1.9.0-' ]
silly name, range, hasData [ 'body-parser', '>=1.8.1- <1.9.0-', false ]
verbose cache add [ 'cookie-parser@~1.3.3', null ]
silly cache add: name, spec, args [ undefined,
silly cache add: name, spec, args   'cookie-parser@~1.3.3',
silly cache add: name, spec, args   [ 'cookie-parser@~1.3.3', null ] ]
verbose parsed url { pathname: 'cookie-parser@~1.3.3',
verbose parsed url   path: 'cookie-parser@~1.3.3',
verbose parsed url   href: 'cookie-parser@~1.3.3' }
silly cache add: name, spec, args [ 'cookie-parser', '~1.3.3', [ 'cookie-parser', '~1.3.3' ] ]
verbose parsed url { pathname: '~1.3.3', path: '~1.3.3', href: '~1.3.3' }
verbose addNamed [ 'cookie-parser', '~1.3.3' ]
verbose addNamed [ null, '>=1.3.3- <1.4.0-' ]
silly name, range, hasData [ 'cookie-parser', '>=1.3.3- <1.4.0-', false ]
verbose cache add [ 'morgan@~1.3.0', null ]
silly cache add: name, spec, args [ undefined, 'morgan@~1.3.0', [ 'morgan@~1.3.0', null ] ]
verbose parsed url { pathname: 'morgan@~1.3.0',
verbose parsed url   path: 'morgan@~1.3.0',
verbose parsed url   href: 'morgan@~1.3.0' }
silly cache add: name, spec, args [ 'morgan', '~1.3.0', [ 'morgan', '~1.3.0' ] ]
verbose parsed url { pathname: '~1.3.0', path: '~1.3.0', href: '~1.3.0' }
verbose addNamed [ 'morgan', '~1.3.0' ]
verbose addNamed [ null, '>=1.3.0- <1.4.0-' ]
silly name, range, hasData [ 'morgan', '>=1.3.0- <1.4.0-', false ]
verbose raw, before any munging body-parser
verbose url resolving [ 'https://registry.npmjs.org/', './body-parser' ]
verbose url resolved https://registry.npmjs.org/body-parser
http GET https://registry.npmjs.org/body-parser
verbose raw, before any munging morgan
verbose url resolving [ 'https://registry.npmjs.org/', './morgan' ]
verbose url resolved https://registry.npmjs.org/morgan
http GET https://registry.npmjs.org/morgan
verbose cache add [ 'serve-favicon@~2.1.3', null ]
silly cache add: name, spec, args [ undefined,
silly cache add: name, spec, args   'serve-favicon@~2.1.3',
silly cache add: name, spec, args   [ 'serve-favicon@~2.1.3', null ] ]
verbose parsed url { pathname: 'serve-favicon@~2.1.3',
verbose parsed url   path: 'serve-favicon@~2.1.3',
verbose parsed url   href: 'serve-favicon@~2.1.3' }
silly cache add: name, spec, args [ 'serve-favicon', '~2.1.3', [ 'serve-favicon', '~2.1.3' ] ]
verbose parsed url { pathname: '~2.1.3', path: '~2.1.3', href: '~2.1.3' }
verbose addNamed [ 'serve-favicon', '~2.1.3' ]
verbose addNamed [ null, '>=2.1.3- <2.2.0-' ]
silly name, range, hasData [ 'serve-favicon', '>=2.1.3- <2.2.0-', false ]
verbose cache add [ 'debug@~2.0.0', null ]
silly cache add: name, spec, args [ undefined, 'debug@~2.0.0', [ 'debug@~2.0.0', null ] ]
verbose parsed url { pathname: 'debug@~2.0.0',
verbose parsed url   path: 'debug@~2.0.0',
verbose parsed url   href: 'debug@~2.0.0' }
silly cache add: name, spec, args [ 'debug', '~2.0.0', [ 'debug', '~2.0.0' ] ]
verbose parsed url { pathname: '~2.0.0', path: '~2.0.0', href: '~2.0.0' }
verbose addNamed [ 'debug', '~2.0.0' ]
verbose addNamed [ null, '>=2.0.0- <2.1.0-' ]
silly name, range, hasData [ 'debug', '>=2.0.0- <2.1.0-', false ]
verbose cache add [ 'ejs@~0.8.5', null ]
silly cache add: name, spec, args [ undefined, 'ejs@~0.8.5', [ 'ejs@~0.8.5', null ] ]
verbose parsed url { pathname: 'ejs@~0.8.5',
verbose parsed url   path: 'ejs@~0.8.5',
verbose parsed url   href: 'ejs@~0.8.5' }
silly cache add: name, spec, args [ 'ejs', '~0.8.5', [ 'ejs', '~0.8.5' ] ]
verbose parsed url { pathname: '~0.8.5', path: '~0.8.5', href: '~0.8.5' }
verbose addNamed [ 'ejs', '~0.8.5' ]
verbose addNamed [ null, '>=0.8.5- <0.9.0-' ]
silly name, range, hasData [ 'ejs', '>=0.8.5- <0.9.0-', false ]
verbose raw, before any munging serve-favicon
verbose url resolving [ 'https://registry.npmjs.org/', './serve-favicon' ]
verbose url resolved https://registry.npmjs.org/serve-favicon
http GET https://registry.npmjs.org/serve-favicon
verbose raw, before any munging debug
verbose url resolving [ 'https://registry.npmjs.org/', './debug' ]
verbose url resolved https://registry.npmjs.org/debug
http GET https://registry.npmjs.org/debug
verbose raw, before any munging ejs
verbose url resolving [ 'https://registry.npmjs.org/', './ejs' ]
verbose url resolved https://registry.npmjs.org/ejs
http GET https://registry.npmjs.org/ejs
verbose raw, before any munging cookie-parser
verbose url resolving [ 'https://registry.npmjs.org/', './cookie-parser' ]
verbose url resolved https://registry.npmjs.org/cookie-parser
verbose etag "D2I21Z55J0M83YHA636O1DW9K"
http GET https://registry.npmjs.org/cookie-parser
ERR! Error: failed to fetch from registry: express
ERR!     at /usr/share/npm/lib/utils/npm-registry-client/get.js:139:12
ERR!     at cb (/usr/share/npm/lib/utils/npm-registry-client/request.js:31:9)
ERR!     at Request._callback (/usr/share/npm/lib/utils/npm-registry-client/request.js:136:18)
ERR!     at Request.callback (/usr/lib/nodejs/request/main.js:119:22)
ERR!     at Request.<anonymous> (/usr/lib/nodejs/request/main.js:212:58)
ERR!     at Request.emit (events.js:88:20)
ERR!     at ClientRequest.<anonymous> (/usr/lib/nodejs/request/main.js:412:12)
ERR!     at ClientRequest.emit (events.js:67:17)
ERR!     at HTTPParser.onIncoming (http.js:1261:11)
ERR!     at HTTPParser.onHeadersComplete (http.js:102:31)
ERR! You may report this log at:
ERR!     <http://bugs.debian.org/npm>
ERR! or use
ERR!     reportbug --attach /home/motionlab/Documents/robotics-capstone-web/npm-debug.log npm
ERR! 
ERR! System Linux 3.13.0-36-generic
ERR! command "node" "/usr/bin/npm" "install"
ERR! cwd /home/motionlab/Documents/robotics-capstone-web
ERR! node -v v0.6.12
ERR! npm -v 1.1.4
ERR! message failed to fetch from registry: express
verbose exit [ 1, true ]
